[11:17:27] [main/INFO] (FabricLoader/GameProvider) Loading Minecraft 1.21.11 with Fabric Loader 0.18.4
[11:17:27] [main/INFO] (FabricLoader) Loading 51 mods:
	- chestsort 1.0-SNAPSHOT
	- fabric-api 0.141.3+1.21.11
	- fabric-api-base 1.0.5+4ebb5c083e
	- fabric-api-lookup-api-v1 1.6.114+20dc27073e
	- fabric-biome-api-v1 17.1.1+4fc5413f3e
	- fabric-block-api-v1 1.1.10+4ebb5c083e
	- fabric-block-view-api-v2 1.0.39+4ebb5c083e
	- fabric-client-gametest-api-v1 4.3.5+bfe9fcf43e
	- fabric-command-api-v2 2.4.7+6b42a6003e
	- fabric-content-registries-v0 10.2.14+4fc5413f3e
	- fabric-convention-tags-v1 2.1.55+7f945d5b3e
	- fabric-convention-tags-v2 2.17.3+8ef948ba3e
	- fabric-crash-report-info-v1 0.3.23+4ebb5c083e
	- fabric-data-attachment-api-v1 1.8.47+eed0806f3e
	- fabric-data-generation-api-v1 23.4.0+69974c4e3e
	- fabric-dimensions-v1 4.0.28+4fc5413f3e
	- fabric-entity-events-v1 3.1.1+1d0ab4303e
	- fabric-events-interaction-v0 4.1.0+3b89ecf63e
	- fabric-game-rule-api-v1 2.0.3+4fc5413f3e
	- fabric-gametest-api-v1 3.1.27+4fc5413f3e
	- fabric-item-api-v1 11.5.20+d0c46b9e3e
	- fabric-item-group-api-v1 4.2.36+4fc5413f3e
	- fabric-key-binding-api-v1 1.1.7+4fc5413f3e
	- fabric-lifecycle-events-v1 2.6.15+4ebb5c083e
	- fabric-loot-api-v2 3.0.73+3f89f5a53e
	- fabric-loot-api-v3 2.0.20+78c8b4663e
	- fabric-message-api-v1 6.1.12+4ebb5c083e
	- fabric-model-loading-api-v1 6.0.15+4fc5413f3e
	- fabric-networking-api-v1 5.1.5+ae1e07683e
	- fabric-object-builder-api-v1 21.1.39+4fc5413f3e
	- fabric-particles-v1 4.2.11+4fc5413f3e
	- fabric-recipe-api-v1 8.2.3+4ebb5c083e
	- fabric-registry-sync-v0 6.2.5+1718722b3e
	- fabric-renderer-api-v1 8.0.3+f4ffd2e53e
	- fabric-renderer-indigo 5.0.3+f4ffd2e53e
	- fabric-rendering-fluids-v1 3.1.43+4ebb5c083e
	- fabric-rendering-v1 16.2.10+0290ad933e
	- fabric-resource-conditions-api-v1 5.0.35+4fc5413f3e
	- fabric-resource-loader-v0 3.3.4+4fc5413f3e
	- fabric-resource-loader-v1 1.0.10+78c8b4663e
	- fabric-screen-api-v1 3.1.7+4ebb5c083e
	- fabric-screen-handler-api-v1 1.3.161+4fc5413f3e
	- fabric-serialization-api-v1 1.0.5+4ebb5c083e
	- fabric-sound-api-v1 1.0.51+4fc5413f3e
	- fabric-tag-api-v1 1.2.20+4fc5413f3e
	- fabric-transfer-api-v1 6.0.25+4fc5413f3e
	- fabric-transitive-access-wideners-v1 7.1.0+014c8cec3e
	- fabricloader 0.18.4
	- java 24
	- minecraft 1.21.11
	- mixinextras 0.5.0
[11:17:27] [main/INFO] (FabricLoader/Mixin) SpongePowered MIXIN Subsystem Version=0.8.7 Source=file:/Users/3017079/.gradle/caches/modules-2/files-2.1/net.fabricmc/sponge-mixin/0.17.0+mixin.0.8.7/cf31463202f72d03b0ef1e1e38e8ee71b7faaab6/sponge-mixin-0.17.0+mixin.0.8.7.jar Service=Knot/Fabric Env=CLIENT
[11:17:27] [main/INFO] (FabricLoader/Mixin) Loaded Fabric development mappings for mixin remapper!
[11:17:27] [main/INFO] (FabricLoader/Mixin) Compatibility level set to JAVA_21
[11:17:44] [main/INFO] (FabricLoader/MixinExtras|Service) Initializing MixinExtras via com.llamalad7.mixinextras.service.MixinExtrasServiceImpl(version=0.5.0).
[11:17:45] [Datafixer Bootstrap/INFO] (Minecraft) 287 Datafixer optimizations took 379 milliseconds
[11:17:50] [Render thread/INFO] (Minecraft) Environment: Environment[sessionHost=https://sessionserver.mojang.com, servicesHost=https://api.minecraftservices.com, profilesHost=https://api.mojang.com, name=PROD]
[11:18:41] [Render thread/INFO] (Minecraft) Setting user: Player96
[11:18:41] [Download-2/ERROR] (Minecraft) Failed to fetch user properties
com.mojang.authlib.exceptions.InvalidCredentialsException: Status: 401
	at knot//com.mojang.authlib.exceptions.MinecraftClientHttpException.toAuthenticationException(MinecraftClientHttpException.java:59)
	at knot//com.mojang.authlib.yggdrasil.YggdrasilUserApiService.fetchProperties(YggdrasilUserApiService.java:150)
	at knot//net.minecraft.client.MinecraftClient.method_55608(MinecraftClient.java:457)
	at java.base/java.util.concurrent.CompletableFuture$AsyncSupply.run(CompletableFuture.java:1814)
	at java.base/java.util.concurrent.ThreadPoolExecutor.runWorker(ThreadPoolExecutor.java:1095)
	at java.base/java.util.concurrent.ThreadPoolExecutor$Worker.run(ThreadPoolExecutor.java:619)
	at java.base/java.lang.Thread.run(Thread.java:1447)
Caused by: com.mojang.authlib.exceptions.MinecraftClientHttpException: Status: 401
	at knot//com.mojang.authlib.minecraft.client.MinecraftClient.readInputStream(MinecraftClient.java:103)
	at knot//com.mojang.authlib.minecraft.client.MinecraftClient.get(MinecraftClient.java:56)
	at knot//com.mojang.authlib.yggdrasil.YggdrasilUserApiService.fetchProperties(YggdrasilUserApiService.java:121)
	... 5 more
[11:19:18] [Render thread/INFO] (Indigo) [Indigo] Registering Indigo renderer!
[11:19:27] [Render thread/INFO] (Minecraft) Backend library: LWJGL version 3.3.3-snapshot
[11:19:28] [Render thread/INFO] (Minecraft) [STDERR]: [LWJGL] [ThreadLocalUtil] Unsupported JNI version detected, this may result in a crash. Please inform LWJGL developers.
[11:19:28] [Render thread/INFO] (Minecraft) Using optional rendering extensions: GL_EXT_texture_filter_anisotropic
[11:19:32] [Download-2/INFO] (Minecraft) Could not authorize you against Realms server: java.lang.RuntimeException: Failed to parse into SignedJWT: FabricMC
[11:19:32] [Download-2/ERROR] (Minecraft) Failed to fetch Realms feature flags
net.minecraft.client.realms.exception.RealmsServiceException: Realms authentication error with message 'java.lang.RuntimeException: Failed to parse into SignedJWT: FabricMC'
	at knot//net.minecraft.client.realms.RealmsClient.execute(RealmsClient.java:526)
	at knot//net.minecraft.client.realms.RealmsClient.fetchFeatureFlags(RealmsClient.java:186)
	at java.base/java.util.concurrent.CompletableFuture$AsyncSupply.run(CompletableFuture.java:1814)
	at java.base/java.util.concurrent.ThreadPoolExecutor.runWorker(ThreadPoolExecutor.java:1095)
	at java.base/java.util.concurrent.ThreadPoolExecutor$Worker.run(ThreadPoolExecutor.java:619)
	at java.base/java.lang.Thread.run(Thread.java:1447)
[11:19:38] [Render thread/INFO] (Minecraft) Reloading ResourceManager: vanilla, fabric-api, fabric-api-base, fabric-api-lookup-api-v1, fabric-biome-api-v1, fabric-block-api-v1, fabric-block-view-api-v2, fabric-client-gametest-api-v1, fabric-command-api-v2, fabric-content-registries-v0, fabric-convention-tags-v1, fabric-convention-tags-v2, fabric-crash-report-info-v1, fabric-data-attachment-api-v1, fabric-data-generation-api-v1, fabric-dimensions-v1, fabric-entity-events-v1, fabric-events-interaction-v0, fabric-game-rule-api-v1, fabric-gametest-api-v1, fabric-item-api-v1, fabric-item-group-api-v1, fabric-key-binding-api-v1, fabric-lifecycle-events-v1, fabric-loot-api-v2, fabric-loot-api-v3, fabric-message-api-v1, fabric-model-loading-api-v1, fabric-networking-api-v1, fabric-object-builder-api-v1, fabric-particles-v1, fabric-recipe-api-v1, fabric-registry-sync-v0, fabric-renderer-api-v1, fabric-renderer-indigo, fabric-rendering-fluids-v1, fabric-rendering-v1, fabric-resource-conditions-api-v1, fabric-resource-loader-v0, fabric-resource-loader-v1, fabric-screen-api-v1, fabric-screen-handler-api-v1, fabric-serialization-api-v1, fabric-sound-api-v1, fabric-tag-api-v1, fabric-transfer-api-v1, fabric-transitive-access-wideners-v1, fabricloader
[11:19:38] [Worker-Main-6/INFO] (Minecraft) Found unifont_all_no_pua-17.0.01.hex, loading
[11:19:38] [Worker-Main-8/INFO] (Minecraft) Found unifont_pua-17.0.01.hex, loading
[11:19:38] [Worker-Main-7/INFO] (Minecraft) Found unifont_jp_patch-17.0.01.hex, loading
[11:19:40] [Render thread/INFO] (Minecraft) Info log when linking program containing VS minecraft:core/rendertype_entity_shadow and FS minecraft:core/rendertype_entity_shadow. Log output: WARNING: Could not find vertex shader attribute 'UV1' to match BindAttributeLocation request.
WARNING: Could not find vertex shader attribute 'Normal' to match BindAttributeLocation request.
WARNING: Could not find vertex shader attribute 'UV2' to match BindAttributeLocation request.

[11:19:40] [Render thread/INFO] (Minecraft) Info log when linking program containing VS minecraft:core/rendertype_text_background_see_through and FS minecraft:core/rendertype_text_background_see_through. Log output: WARNING: Could not find vertex shader attribute 'UV2' to match BindAttributeLocation request.

[11:19:40] [Render thread/INFO] (Minecraft) Info log when linking program containing VS minecraft:core/terrain and FS minecraft:core/terrain. Log output: WARNING: Could not find vertex shader attribute 'Normal' to match BindAttributeLocation request.

[11:19:40] [Render thread/INFO] (Minecraft) Info log when linking program containing VS minecraft:core/entity and FS minecraft:core/entity. Log output: WARNING: Could not find vertex shader attribute 'UV2' to match BindAttributeLocation request.

[11:19:40] [Render thread/INFO] (Minecraft) Info log when linking program containing VS minecraft:core/rendertype_beacon_beam and FS minecraft:core/rendertype_beacon_beam. Log output: WARNING: Could not find vertex shader attribute 'Normal' to match BindAttributeLocation request.
WARNING: Could not find vertex shader attribute 'UV2' to match BindAttributeLocation request.

[11:19:40] [Render thread/INFO] (Minecraft) Info log when linking program containing VS minecraft:core/rendertype_translucent_moving_block and FS minecraft:core/rendertype_translucent_moving_block. Log output: WARNING: Could not find vertex shader attribute 'Normal' to match BindAttributeLocation request.

[11:19:40] [Render thread/INFO] (Minecraft) Info log when linking program containing VS minecraft:core/block and FS minecraft:core/block. Log output: WARNING: Could not find vertex shader attribute 'Normal' to match BindAttributeLocation request.

[11:19:40] [Render thread/INFO] (Minecraft) Info log when linking program containing VS minecraft:core/rendertype_text_see_through and FS minecraft:core/rendertype_text_see_through. Log output: WARNING: Could not find vertex shader attribute 'UV2' to match BindAttributeLocation request.

[11:19:40] [Render thread/INFO] (Minecraft) Info log when linking program containing VS minecraft:core/rendertype_crumbling and FS minecraft:core/rendertype_crumbling. Log output: WARNING: Could not find vertex shader attribute 'Normal' to match BindAttributeLocation request.
WARNING: Output of vertex shader 'texCoord2' not read by fragment shader

[11:19:40] [Render thread/INFO] (Minecraft) Info log when linking program containing VS minecraft:core/rendertype_beacon_beam and FS minecraft:core/rendertype_beacon_beam. Log output: WARNING: Could not find vertex shader attribute 'Normal' to match BindAttributeLocation request.
WARNING: Could not find vertex shader attribute 'UV2' to match BindAttributeLocation request.

[11:19:40] [Render thread/INFO] (Minecraft) Info log when linking program containing VS minecraft:core/terrain and FS minecraft:core/terrain. Log output: WARNING: Could not find vertex shader attribute 'Normal' to match BindAttributeLocation request.

[11:19:40] [Render thread/INFO] (Minecraft) Info log when linking program containing VS minecraft:core/block and FS minecraft:core/block. Log output: WARNING: Could not find vertex shader attribute 'Normal' to match BindAttributeLocation request.

[11:19:40] [Render thread/INFO] (Minecraft) Info log when linking program containing VS minecraft:core/terrain and FS minecraft:core/terrain. Log output: WARNING: Could not find vertex shader attribute 'Normal' to match BindAttributeLocation request.

[11:19:40] [Render thread/INFO] (Minecraft) Info log when linking program containing VS minecraft:core/entity and FS minecraft:core/entity. Log output: WARNING: Output of vertex shader 'overlayColor' not read by fragment shader

[11:19:40] [Render thread/INFO] (Minecraft) Info log when linking program containing VS minecraft:core/entity and FS minecraft:core/entity. Log output: WARNING: Could not find vertex shader attribute 'Normal' to match BindAttributeLocation request.
WARNING: Output of vertex shader 'overlayColor' not read by fragment shader

[11:19:40] [Render thread/INFO] (Minecraft) Info log when linking program containing VS minecraft:core/entity and FS minecraft:core/entity. Log output: WARNING: Output of vertex shader 'overlayColor' not read by fragment shader

[11:19:40] [Render thread/INFO] (Minecraft) Info log when linking program containing VS minecraft:core/block and FS minecraft:core/block. Log output: WARNING: Could not find vertex shader attribute 'Normal' to match BindAttributeLocation request.

[11:19:40] [Render thread/INFO] (Minecraft) Info log when linking program containing VS minecraft:core/animate_sprite and FS minecraft:core/animate_sprite_blit. Log output: WARNING: Output of vertex shader 'fAnimationProgress' not read by fragment shader

[11:19:40] [Render thread/INFO] (Minecraft) Info log when linking program containing VS minecraft:core/entity and FS minecraft:core/entity. Log output: WARNING: Output of vertex shader 'overlayColor' not read by fragment shader

[11:19:40] [Render thread/INFO] (Minecraft) Info log when linking program containing VS minecraft:core/entity and FS minecraft:core/entity. Log output: WARNING: Output of vertex shader 'overlayColor' not read by fragment shader

[11:19:40] [Render thread/INFO] (Minecraft) Info log when linking program containing VS minecraft:core/rendertype_item_entity_translucent_cull and FS minecraft:core/rendertype_item_entity_translucent_cull. Log output: WARNING: Output of vertex shader 'texCoord1' not read by fragment shader
WARNING: Output of vertex shader 'texCoord2' not read by fragment shader

[11:19:40] [Render thread/INFO] (Minecraft) Info log when linking program containing VS minecraft:core/terrain and FS minecraft:core/terrain. Log output: WARNING: Could not find vertex shader attribute 'Normal' to match BindAttributeLocation request.

[11:19:40] [Render thread/INFO] (Minecraft) Info log when linking program containing VS minecraft:core/entity and FS minecraft:core/entity. Log output: WARNING: Could not find vertex shader attribute 'Normal' to match BindAttributeLocation request.
WARNING: Could not find vertex shader attribute 'UV2' to match BindAttributeLocation request.
WARNING: Output of vertex shader 'overlayColor' not read by fragment shader

[11:19:40] [Render thread/INFO] (Minecraft) Info log when linking program containing VS minecraft:core/terrain and FS minecraft:core/terrain. Log output: WARNING: Could not find vertex shader attribute 'Normal' to match BindAttributeLocation request.

[11:19:40] [Render thread/INFO] (Minecraft) Info log when linking program containing VS minecraft:core/rendertype_text_intensity_see_through and FS minecraft:core/rendertype_text_intensity_see_through. Log output: WARNING: Could not find vertex shader attribute 'UV2' to match BindAttributeLocation request.

[11:19:40] [Render thread/INFO] (Minecraft) Info log when linking program containing VS minecraft:core/rendertype_entity_alpha and FS minecraft:core/rendertype_entity_alpha. Log output: WARNING: Could not find vertex shader attribute 'Normal' to match BindAttributeLocation request.
WARNING: Output of vertex shader 'texCoord1' not read by fragment shader
WARNING: Output of vertex shader 'texCoord2' not read by fragment shader

[11:19:40] [Render thread/INFO] (Minecraft) Info log when linking program containing VS minecraft:core/entity and FS minecraft:core/entity. Log output: WARNING: Could not find vertex shader attribute 'Normal' to match BindAttributeLocation request.
WARNING: Could not find vertex shader attribute 'UV2' to match BindAttributeLocation request.
WARNING: Output of vertex shader 'overlayColor' not read by fragment shader

[11:19:42] [Render thread/INFO] (Minecraft) OpenAL initialized on device MacBook Pro Speakers
[11:19:42] [Render thread/INFO] (Minecraft) Sound engine started
[11:19:42] [Render thread/INFO] (Minecraft) Created: 512x256x0 minecraft:textures/atlas/particles.png-atlas
[11:19:42] [Render thread/INFO] (Minecraft) Created: 128x128x0 minecraft:textures/atlas/decorated_pot.png-atlas
[11:19:42] [Render thread/INFO] (Minecraft) Created: 2048x1024x0 minecraft:textures/atlas/armor_trims.png-atlas
[11:19:42] [Render thread/INFO] (Minecraft) Created: 512x256x0 minecraft:textures/atlas/paintings.png-atlas
[11:19:42] [Render thread/INFO] (Minecraft) Created: 1024x512x0 minecraft:textures/atlas/shield_patterns.png-atlas
[11:19:42] [Render thread/INFO] (Minecraft) Created: 2048x2048x4 minecraft:textures/atlas/blocks.png-atlas
[11:19:42] [Render thread/INFO] (Minecraft) Created: 512x512x0 minecraft:textures/atlas/chest.png-atlas
[11:19:42] [Render thread/INFO] (Minecraft) Created: 256x128x0 minecraft:textures/atlas/celestials.png-atlas
[11:19:42] [Render thread/INFO] (Minecraft) Created: 1024x512x0 minecraft:textures/atlas/banner_patterns.png-atlas
[11:19:42] [Render thread/INFO] (Minecraft) Created: 512x512x0 minecraft:textures/atlas/beds.png-atlas
[11:19:42] [Render thread/INFO] (Minecraft) Created: 1024x512x0 minecraft:textures/atlas/items.png-atlas
[11:19:42] [Render thread/INFO] (Minecraft) Created: 1024x1024x0 minecraft:textures/atlas/gui.png-atlas
[11:19:42] [Render thread/INFO] (Minecraft) Created: 128x64x0 minecraft:textures/atlas/map_decorations.png-atlas
[11:19:42] [Render thread/INFO] (Minecraft) Created: 512x256x0 minecraft:textures/atlas/signs.png-atlas
[11:19:42] [Render thread/INFO] (Minecraft) Created: 512x512x0 minecraft:textures/atlas/shulker_boxes.png-atlas
[11:19:44] [IO-Worker-1/INFO] (Minecraft) Could not authorize you against Realms server: java.lang.RuntimeException: Failed to parse into SignedJWT: FabricMC
[11:19:44] [IO-Worker-1/ERROR] (Minecraft) Couldn't connect to realms
net.minecraft.client.realms.exception.RealmsServiceException: Realms authentication error with message 'java.lang.RuntimeException: Failed to parse into SignedJWT: FabricMC'
	at knot//net.minecraft.client.realms.RealmsClient.execute(RealmsClient.java:526)
	at knot//net.minecraft.client.realms.RealmsClient.clientCompatible(RealmsClient.java:307)
	at knot//net.minecraft.client.realms.RealmsAvailability.method_52627(RealmsAvailability.java:48)
	at java.base/java.util.concurrent.CompletableFuture$AsyncSupply.run(CompletableFuture.java:1814)
	at java.base/java.util.concurrent.ThreadPoolExecutor.runWorker(ThreadPoolExecutor.java:1095)
	at java.base/java.util.concurrent.ThreadPoolExecutor$Worker.run(ThreadPoolExecutor.java:619)
	at java.base/java.lang.Thread.run(Thread.java:1447)
[12:11:02] [Render thread/INFO] (Minecraft) Loaded 1470 recipes
[12:11:02] [Render thread/INFO] (Minecraft) Loaded 1584 advancements
[12:11:02] [Render thread/INFO] (BiomeModificationImpl) Applied 0 biome modifications to 0 of 65 new biomes in 827.9 μs
[12:11:02] [Server thread/INFO] (Minecraft) Starting integrated minecraft server version 1.21.11
[12:11:02] [Server thread/INFO] (Minecraft) Generating keypair
[12:12:13] [Server thread/INFO] (Minecraft) Loading 0 persistent chunks...
[12:12:13] [Server thread/INFO] (Minecraft) Preparing spawn area: 16%
[12:12:15] [Server thread/WARN] (Minecraft) Can't keep up! Is the server overloaded? Running 2281ms or 45 ticks behind
[12:12:16] [Server thread/INFO] (Minecraft) Loading 49 chunks for player spawn...
[12:12:16] [Server thread/INFO] (Minecraft) Preparing spawn area: 16%
[12:12:16] [Server thread/INFO] (Minecraft) Preparing spawn area: 16%
[12:12:16] [Server thread/INFO] (Minecraft) Preparing spawn area: 16%
[12:12:16] [Server thread/INFO] (Minecraft) Preparing spawn area: 16%
[12:12:16] [Server thread/INFO] (Minecraft) Preparing spawn area: 16%
[12:12:16] [Server thread/INFO] (Minecraft) Preparing spawn area: 16%
[12:12:16] [Server thread/INFO] (Minecraft) Preparing spawn area: 16%
[12:12:17] [Server thread/INFO] (Minecraft) Preparing spawn area: 16%
[12:12:17] [Server thread/INFO] (Minecraft) Preparing spawn area: 16%
[12:12:18] [Server thread/INFO] (Minecraft) Preparing spawn area: 16%
[12:12:18] [Server thread/INFO] (Minecraft) Preparing spawn area: 16%
[12:12:19] [Server thread/INFO] (Minecraft) Preparing spawn area: 16%
[12:12:19] [Server thread/INFO] (Minecraft) Preparing spawn area: 16%
[12:12:20] [Server thread/INFO] (Minecraft) Preparing spawn area: 16%
[12:12:20] [Server thread/INFO] (Minecraft) Preparing spawn area: 16%
[12:12:21] [Server thread/INFO] (Minecraft) Preparing spawn area: 16%
[12:12:21] [Server thread/INFO] (Minecraft) Preparing spawn area: 16%
[12:12:22] [Server thread/INFO] (Minecraft) Preparing spawn area: 16%
[12:12:22] [Server thread/INFO] (Minecraft) Preparing spawn area: 16%
[12:12:23] [Server thread/INFO] (Minecraft) Preparing spawn area: 16%
[12:12:23] [Server thread/INFO] (Minecraft) Preparing spawn area: 16%
[12:12:24] [Server thread/INFO] (Minecraft) Preparing spawn area: 16%
[12:12:24] [Server thread/INFO] (Minecraft) Preparing spawn area: 16%
[12:12:25] [Server thread/INFO] (Minecraft) Preparing spawn area: 16%
[12:12:25] [Server thread/INFO] (Minecraft) Preparing spawn area: 16%
[12:12:26] [Server thread/INFO] (Minecraft) Preparing spawn area: 16%
[12:12:26] [Server thread/INFO] (Minecraft) Preparing spawn area: 16%
[12:12:27] [Server thread/INFO] (Minecraft) Preparing spawn area: 16%
[12:12:27] [Server thread/INFO] (Minecraft) Preparing spawn area: 16%
[12:12:28] [Server thread/INFO] (Minecraft) Preparing spawn area: 16%
[12:12:28] [Server thread/INFO] (Minecraft) Preparing spawn area: 16%
[12:12:29] [Server thread/INFO] (Minecraft) Preparing spawn area: 16%
[12:12:29] [Server thread/INFO] (Minecraft) Preparing spawn area: 16%
[12:12:30] [Server thread/INFO] (Minecraft) Preparing spawn area: 16%
[12:12:30] [Server thread/INFO] (Minecraft) Preparing spawn area: 16%
[12:12:31] [Server thread/INFO] (Minecraft) Preparing spawn area: 16%
[12:12:31] [Server thread/INFO] (Minecraft) Preparing spawn area: 16%
[12:12:32] [Server thread/INFO] (Minecraft) Preparing spawn area: 16%
[12:12:32] [Server thread/INFO] (Minecraft) Preparing spawn area: 16%
[12:12:33] [Server thread/INFO] (Minecraft) Preparing spawn area: 16%
[12:12:33] [Server thread/INFO] (Minecraft) Preparing spawn area: 16%
[12:12:34] [Server thread/INFO] (Minecraft) Preparing spawn area: 16%
[12:12:34] [Server thread/INFO] (Minecraft) Preparing spawn area: 16%
[12:12:35] [Server thread/INFO] (Minecraft) Preparing spawn area: 16%
[12:12:35] [Server thread/INFO] (Minecraft) Preparing spawn area: 16%
[12:12:36] [Server thread/INFO] (Minecraft) Preparing spawn area: 16%
[12:12:36] [Server thread/INFO] (Minecraft) Preparing spawn area: 16%
[12:12:37] [Server thread/INFO] (Minecraft) Preparing spawn area: 16%
[12:12:37] [Server thread/INFO] (Minecraft) Preparing spawn area: 16%
[12:12:38] [Server thread/INFO] (Minecraft) Preparing spawn area: 16%
[12:12:38] [Server thread/INFO] (Minecraft) Preparing spawn area: 16%
[12:12:39] [Server thread/INFO] (Minecraft) Preparing spawn area: 16%
[12:12:39] [Server thread/INFO] (Minecraft) Preparing spawn area: 16%
[12:12:40] [Server thread/INFO] (Minecraft) Preparing spawn area: 16%
[12:12:40] [Server thread/INFO] (Minecraft) Preparing spawn area: 16%
[12:12:41] [Server thread/INFO] (Minecraft) Preparing spawn area: 16%
[12:12:41] [Server thread/INFO] (Minecraft) Preparing spawn area: 16%
[12:12:42] [Server thread/INFO] (Minecraft) Preparing spawn area: 16%
[12:12:42] [Server thread/INFO] (Minecraft) Preparing spawn area: 16%
[12:12:43] [Server thread/INFO] (Minecraft) Preparing spawn area: 16%
[12:12:43] [Server thread/INFO] (Minecraft) Preparing spawn area: 16%
[12:12:44] [Server thread/INFO] (Minecraft) Preparing spawn area: 16%
[12:12:44] [Server thread/INFO] (Minecraft) Preparing spawn area: 16%
[12:12:45] [Server thread/INFO] (Minecraft) Preparing spawn area: 16%
[12:12:45] [Server thread/INFO] (Minecraft) Preparing spawn area: 16%
[12:12:46] [Server thread/INFO] (Minecraft) Preparing spawn area: 16%
[12:12:46] [Server thread/INFO] (Minecraft) Preparing spawn area: 16%
[12:12:47] [Server thread/INFO] (Minecraft) Preparing spawn area: 16%
[12:12:47] [Server thread/INFO] (Minecraft) Preparing spawn area: 16%
[12:12:48] [Server thread/INFO] (Minecraft) Preparing spawn area: 16%
[12:12:48] [Server thread/INFO] (Minecraft) Preparing spawn area: 16%
[12:12:49] [Server thread/INFO] (Minecraft) Preparing spawn area: 16%
[12:12:49] [Server thread/INFO] (Minecraft) Preparing spawn area: 16%
[12:12:50] [Server thread/INFO] (Minecraft) Preparing spawn area: 16%
[12:12:50] [Server thread/INFO] (Minecraft) Preparing spawn area: 16%
[12:12:51] [Server thread/INFO] (Minecraft) Preparing spawn area: 16%
[12:12:51] [Server thread/INFO] (Minecraft) Preparing spawn area: 16%
[12:12:52] [Server thread/INFO] (Minecraft) Preparing spawn area: 16%
[12:12:52] [Server thread/INFO] (Minecraft) Preparing spawn area: 16%
[12:12:53] [Server thread/INFO] (Minecraft) Preparing spawn area: 16%
[12:12:53] [Server thread/INFO] (Minecraft) Preparing spawn area: 16%
[12:12:54] [Server thread/INFO] (Minecraft) Preparing spawn area: 16%
[12:12:54] [Server thread/INFO] (Minecraft) Preparing spawn area: 16%
[12:12:55] [Server thread/INFO] (Minecraft) Preparing spawn area: 16%
[12:12:55] [Server thread/INFO] (Minecraft) Preparing spawn area: 16%
[12:12:56] [Server thread/INFO] (Minecraft) Preparing spawn area: 16%
[12:12:56] [Server thread/INFO] (Minecraft) Preparing spawn area: 16%
[12:12:57] [Server thread/INFO] (Minecraft) Preparing spawn area: 16%
[12:12:57] [Server thread/INFO] (Minecraft) Preparing spawn area: 16%
[12:12:58] [Server thread/INFO] (Minecraft) Preparing spawn area: 16%
[12:12:58] [Server thread/INFO] (Minecraft) Preparing spawn area: 16%
[12:12:59] [Server thread/INFO] (Minecraft) Preparing spawn area: 16%
[12:12:59] [Server thread/INFO] (Minecraft) Preparing spawn area: 16%
[12:13:00] [Server thread/INFO] (Minecraft) Preparing spawn area: 16%
[12:13:00] [Server thread/INFO] (Minecraft) Preparing spawn area: 16%
[12:13:01] [Server thread/INFO] (Minecraft) Preparing spawn area: 16%
[12:13:01] [Server thread/INFO] (Minecraft) Preparing spawn area: 16%
[12:13:02] [Server thread/INFO] (Minecraft) Preparing spawn area: 16%
[12:13:02] [Server thread/INFO] (Minecraft) Preparing spawn area: 16%
[12:13:03] [Server thread/INFO] (Minecraft) Preparing spawn area: 16%
[12:13:03] [Server thread/INFO] (Minecraft) Preparing spawn area: 16%
[12:13:04] [Server thread/INFO] (Minecraft) Preparing spawn area: 16%
[12:13:04] [Server thread/INFO] (Minecraft) Preparing spawn area: 16%
[12:13:05] [Server thread/INFO] (Minecraft) Preparing spawn area: 16%
[12:13:05] [Server thread/INFO] (Minecraft) Preparing spawn area: 16%
[12:13:06] [Server thread/INFO] (Minecraft) Preparing spawn area: 16%
[12:13:06] [Server thread/INFO] (Minecraft) Preparing spawn area: 16%
[12:13:07] [Server thread/INFO] (Minecraft) Preparing spawn area: 16%
[12:13:07] [Server thread/INFO] (Minecraft) Preparing spawn area: 16%
[12:13:08] [Server thread/INFO] (Minecraft) Preparing spawn area: 16%
[12:13:08] [Server thread/INFO] (Minecraft) Preparing spawn area: 16%
[12:13:09] [Server thread/INFO] (Minecraft) Preparing spawn area: 16%
[12:13:09] [Server thread/INFO] (Minecraft) Preparing spawn area: 16%
[12:13:10] [Server thread/INFO] (Minecraft) Preparing spawn area: 16%
[12:13:10] [Server thread/INFO] (Minecraft) Preparing spawn area: 16%
[12:13:11] [Server thread/INFO] (Minecraft) Preparing spawn area: 16%
[12:13:11] [Server thread/INFO] (Minecraft) Preparing spawn area: 16%
[12:13:12] [Server thread/INFO] (Minecraft) Preparing spawn area: 16%
[12:13:12] [Server thread/INFO] (Minecraft) Preparing spawn area: 16%
[12:13:13] [Server thread/INFO] (Minecraft) Preparing spawn area: 16%
[12:13:13] [Server thread/INFO] (Minecraft) Preparing spawn area: 16%
[12:13:14] [Server thread/INFO] (Minecraft) Preparing spawn area: 16%
[12:13:14] [Server thread/INFO] (Minecraft) Preparing spawn area: 16%
[12:13:15] [Server thread/INFO] (Minecraft) Preparing spawn area: 16%
[12:13:15] [Server thread/INFO] (Minecraft) Preparing spawn area: 16%
[12:13:16] [Server thread/INFO] (Minecraft) Preparing spawn area: 16%
[12:13:16] [Server thread/INFO] (Minecraft) Preparing spawn area: 16%
[12:13:17] [Server thread/INFO] (Minecraft) Preparing spawn area: 16%
[12:13:17] [Server thread/INFO] (Minecraft) Preparing spawn area: 16%
[12:13:18] [Server thread/INFO] (Minecraft) Preparing spawn area: 16%
[12:13:18] [Server thread/INFO] (Minecraft) Preparing spawn area: 16%
[12:13:19] [Server thread/INFO] (Minecraft) Preparing spawn area: 16%
[12:13:19] [Server thread/INFO] (Minecraft) Preparing spawn area: 16%
[12:13:20] [Server thread/INFO] (Minecraft) Preparing spawn area: 16%
[12:13:20] [Server thread/INFO] (Minecraft) Preparing spawn area: 16%
[12:13:21] [Server thread/INFO] (Minecraft) Preparing spawn area: 16%
[12:13:21] [Server thread/INFO] (Minecraft) Preparing spawn area: 16%
[12:13:22] [Server thread/INFO] (Minecraft) Preparing spawn area: 16%
[12:13:22] [Server thread/INFO] (Minecraft) Preparing spawn area: 16%
[12:13:23] [Server thread/INFO] (Minecraft) Preparing spawn area: 16%
[12:13:23] [Server thread/INFO] (Minecraft) Preparing spawn area: 16%
[12:13:24] [Server thread/INFO] (Minecraft) Preparing spawn area: 16%
[12:13:24] [Server thread/INFO] (Minecraft) Preparing spawn area: 16%
[12:13:25] [Server thread/INFO] (Minecraft) Preparing spawn area: 16%
[12:13:25] [Server thread/INFO] (Minecraft) Preparing spawn area: 16%
[12:13:26] [Server thread/INFO] (Minecraft) Preparing spawn area: 16%
[12:13:26] [Server thread/INFO] (Minecraft) Preparing spawn area: 18%
[12:13:27] [Server thread/INFO] (Minecraft) Preparing spawn area: 18%
[12:13:27] [Server thread/INFO] (Minecraft) Preparing spawn area: 18%
[12:13:28] [Server thread/INFO] (Minecraft) Preparing spawn area: 18%
[12:13:28] [Server thread/INFO] (Minecraft) Preparing spawn area: 18%
[12:13:29] [Server thread/INFO] (Minecraft) Preparing spawn area: 18%
[12:13:29] [Server thread/INFO] (Minecraft) Preparing spawn area: 18%
[12:13:30] [Server thread/INFO] (Minecraft) Preparing spawn area: 18%
[12:13:30] [Server thread/INFO] (Minecraft) Preparing spawn area: 18%
[12:13:31] [Server thread/INFO] (Minecraft) Preparing spawn area: 18%
[12:13:31] [Server thread/INFO] (Minecraft) Preparing spawn area: 18%
[12:13:32] [Server thread/INFO] (Minecraft) Preparing spawn area: 18%
[12:13:32] [Server thread/INFO] (Minecraft) Preparing spawn area: 18%
[12:13:33] [Server thread/INFO] (Minecraft) Preparing spawn area: 18%
[12:13:33] [Server thread/INFO] (Minecraft) Time elapsed: 80321 ms
[12:13:38] [Server thread/INFO] (Minecraft) Player96[local:E:5fa1964f] logged in with entity id 14 at (-19.505469870113878, -60.0, -8.044952640338177)
[12:13:38] [Server thread/INFO] (Minecraft) Player96 joined the game
[12:13:38] [Server thread/INFO] (Minecraft) Changing view distance to 16, from 10
[12:13:38] [Server thread/INFO] (Minecraft) Changing simulation distance to 12, from 0
[12:13:38] [Server thread/WARN] (Minecraft) Can't keep up! Is the server overloaded? Running 4690ms or 93 ticks behind
[12:13:38] [Render thread/INFO] (Minecraft) Resizing Dynamic Transforms UBO, capacity limit of 2 reached during a single frame. New capacity will be 4.
[12:13:49] [Render thread/INFO] (Minecraft) Loaded 2 advancements
[12:13:49] [Render thread/INFO] (Minecraft) Resizing Dynamic Transforms UBO, capacity limit of 4 reached during a single frame. New capacity will be 8.
[12:13:49] [Render thread/INFO] (Minecraft) Resizing Chunk Sections UBO, capacity limit of 2 reached during a single frame. New capacity will be 8.
[12:13:51] [Render thread/INFO] (Minecraft) Resizing Chunk Sections UBO, capacity limit of 8 reached during a single frame. New capacity will be 16.
[12:13:51] [Server thread/INFO] (Minecraft) Saving and pausing game...
[12:13:51] [Server thread/INFO] (Minecraft) Saving chunks for level 'ServerLevel[e]'/minecraft:overworld
[12:13:51] [Server thread/INFO] (Minecraft) Saving chunks for level 'ServerLevel[e]'/minecraft:the_end
[12:13:51] [Server thread/INFO] (Minecraft) Saving chunks for level 'ServerLevel[e]'/minecraft:the_nether
[12:51:21] [Render thread/INFO] (Minecraft) Resizing Chunk Sections UBO, capacity limit of 16 reached during a single frame. New capacity will be 32.
[12:51:21] [Render thread/INFO] (Minecraft) Resizing Chunk Sections UBO, capacity limit of 32 reached during a single frame. New capacity will be 64.
[12:51:21] [Render thread/INFO] (Minecraft) Resizing Chunk Sections UBO, capacity limit of 64 reached during a single frame. New capacity will be 128.
[12:51:21] [Render thread/INFO] (Minecraft) Resizing Chunk Sections UBO, capacity limit of 128 reached during a single frame. New capacity will be 256.
[12:51:22] [Render thread/INFO] (Minecraft) Resizing Chunk Sections UBO, capacity limit of 256 reached during a single frame. New capacity will be 512.
[12:51:23] [Server thread/WARN] (Minecraft) Can't keep up! Is the server overloaded? Running 2693ms or 53 ticks behind
[12:51:25] [Render thread/INFO] (Minecraft) [System] [CHAT] [CS] Wand bound to: minecraft:dirt
[12:51:25] [Render thread/INFO] (Minecraft) Resizing Dynamic Transforms UBO, capacity limit of 8 reached during a single frame. New capacity will be 16.
[12:52:13] [Render thread/INFO] (Minecraft) [System] [CHAT] Incorrect argument for command
[12:52:13] [Render thread/INFO] (Minecraft) [System] [CHAT] tp @s 0 ~c0<--[HERE]
[12:52:16] [Server thread/INFO] (Minecraft) [Player96: Teleported Player96 to 0.500000, -60.000000, 0.500000]
[12:52:16] [Render thread/INFO] (Minecraft) [System] [CHAT] Teleported Player96 to 0.500000, -60.000000, 0.500000
[12:52:34] [Server thread/WARN] (Minecraft) Can't keep up! Is the server overloaded? Running 4178ms or 83 ticks behind
[12:53:04] [Render thread/INFO] (Minecraft) Loaded 5 advancements
[12:53:47] [Server thread/INFO] (Minecraft) [Player96: Set own game mode to Creative Mode]
[12:53:47] [Render thread/INFO] (Minecraft) [System] [CHAT] Set own game mode to Creative Mode
[12:54:24] [Render thread/INFO] (Minecraft) [System] [CHAT] [CS] Wand selection cleared
[12:54:29] [Render thread/INFO] (Minecraft) [System] [CHAT] [CS] Wand unbound
[12:55:16] [Server thread/INFO] (Minecraft) Saving and pausing game...
[12:55:16] [Server thread/INFO] (Minecraft) Saving chunks for level 'ServerLevel[e]'/minecraft:overworld
[12:55:16] [Server thread/INFO] (Minecraft) Saving chunks for level 'ServerLevel[e]'/minecraft:the_end
[12:55:16] [Server thread/INFO] (Minecraft) Saving chunks for level 'ServerLevel[e]'/minecraft:the_nether
[12:55:44] [Server thread/INFO] (Minecraft) [Not Secure] <Player96> cs2:filter:&wood{chest,torch,stick,crafting_table,#c:stripped_woods,#c:natural_logs/overworld,#logs,#signs,#wooden_trapdoors,#wooden_tool_materials,#wooden_stairs,#wooden_slabs,#wooden_shelves,#wooden_pressure_plates,#wooden_fences,#wooden_doors,#wooden_bu
[12:55:44] [Render thread/INFO] (Minecraft) [CHAT] <Player96> cs2:filter:&wood{chest,torch,stick,crafting_table,#c:stripped_woods,#c:natural_logs/overworld,#logs,#signs,#wooden_trapdoors,#wooden_tool_materials,#wooden_stairs,#wooden_slabs,#wooden_shelves,#wooden_pressure_plates,#wooden_fences,#wooden_doors,#wooden_bu
[12:55:54] [Server thread/INFO] (Minecraft) Saving and pausing game...
[12:55:54] [Server thread/INFO] (Minecraft) Saving chunks for level 'ServerLevel[e]'/minecraft:overworld
[12:55:54] [Server thread/INFO] (Minecraft) Saving chunks for level 'ServerLevel[e]'/minecraft:the_end
[12:55:54] [Server thread/INFO] (Minecraft) Saving chunks for level 'ServerLevel[e]'/minecraft:the_nether
[13:01:39] [Server thread/WARN] (Minecraft) Can't keep up! Is the server overloaded? Running 20736ms or 414 ticks behind
[13:06:43] [Server thread/WARN] (Minecraft) Can't keep up! Is the server overloaded? Running 3309ms or 66 ticks behind
[13:12:29] [Server thread/WARN] (Minecraft) Can't keep up! Is the server overloaded? Running 45920ms or 918 ticks behind
[13:18:26] [Server thread/WARN] (Minecraft) Can't keep up! Is the server overloaded? Running 57297ms or 1145 ticks behind
[13:38:28] [Server thread/WARN] (Minecraft) Can't keep up! Is the server overloaded? Running 2257ms or 45 ticks behind
[13:43:31] [Server thread/WARN] (Minecraft) Can't keep up! Is the server overloaded? Running 2534ms or 50 ticks behind
[13:49:18] [Server thread/WARN] (Minecraft) Can't keep up! Is the server overloaded? Running 47584ms or 951 ticks behind
[13:52:09] [Render thread/INFO] (Minecraft) [System] [CHAT] Unknown or incomplete command. See below for error
[13:52:09] [Render thread/INFO] (Minecraft) [System] [CHAT] cs wand<--[HERE]
[13:52:09] [Server thread/INFO] (Minecraft) Saving and pausing game...
[13:52:09] [Server thread/INFO] (Minecraft) Saving chunks for level 'ServerLevel[e]'/minecraft:overworld
[13:52:09] [Server thread/INFO] (Minecraft) Saving chunks for level 'ServerLevel[e]'/minecraft:the_end
[13:52:09] [Server thread/INFO] (Minecraft) Saving chunks for level 'ServerLevel[e]'/minecraft:the_nether
[13:56:09] [Render thread/INFO] (Minecraft) [System] [CHAT] [CS] Wand bound to: minecraft:dirt
[13:56:45] [Server thread/INFO] (Minecraft) Saving and pausing game...
[13:56:48] [Server thread/INFO] (Minecraft) Saving chunks for level 'ServerLevel[e]'/minecraft:overworld
[13:56:48] [Server thread/INFO] (Minecraft) Saving chunks for level 'ServerLevel[e]'/minecraft:the_end
[13:56:48] [Server thread/INFO] (Minecraft) Saving chunks for level 'ServerLevel[e]'/minecraft:the_nether
[13:56:48] [Server thread/WARN] (Minecraft) Can't keep up! Is the server overloaded? Running 3138ms or 62 ticks behind
[14:17:58] [Render thread/INFO] (Minecraft) [System] [CHAT] [CS] Wand unbound
[14:17:59] [Server thread/INFO] (Minecraft) Saving and pausing game...
[14:18:14] [Server thread/INFO] (Minecraft) Saving chunks for level 'ServerLevel[e]'/minecraft:overworld
[14:18:14] [Server thread/INFO] (Minecraft) Saving chunks for level 'ServerLevel[e]'/minecraft:the_end
[14:18:14] [Server thread/INFO] (Minecraft) Saving chunks for level 'ServerLevel[e]'/minecraft:the_nether
[14:18:14] [Server thread/WARN] (Minecraft) Can't keep up! Is the server overloaded? Running 14755ms or 295 ticks behind
[14:19:12] [Server thread/INFO] (Minecraft) Saving and pausing game...
[14:19:12] [Server thread/INFO] (Minecraft) Saving chunks for level 'ServerLevel[e]'/minecraft:overworld
[14:19:12] [Server thread/INFO] (Minecraft) Saving chunks for level 'ServerLevel[e]'/minecraft:the_end
[14:19:12] [Server thread/INFO] (Minecraft) Saving chunks for level 'ServerLevel[e]'/minecraft:the_nether
